<?xml version="1.0" encoding="UTF-8"?>
<testsuite name="com.testrunner.TestRunner" time="0.136" tests="10" errors="0" skipped="0" failures="0">
  <properties>
    <property name="java.runtime.name" value="Java(TM) SE Runtime Environment"/>
    <property name="java.vm.version" value="13.0.2+8"/>
    <property name="sun.boot.library.path" value="/Library/Java/JavaVirtualMachines/jdk-13.0.2.jdk/Contents/Home/lib"/>
    <property name="maven.multiModuleProjectDirectory" value="/Users/ankranja/Downloads/elsevier"/>
    <property name="java.vm.vendor" value="Oracle Corporation"/>
    <property name="java.vendor.url" value="https://java.oracle.com/"/>
    <property name="path.separator" value=":"/>
    <property name="guice.disable.misplaced.annotation.check" value="true"/>
    <property name="java.vm.name" value="Java HotSpot(TM) 64-Bit Server VM"/>
    <property name="user.country" value="IN"/>
    <property name="sun.java.launcher" value="SUN_STANDARD"/>
    <property name="java.vm.specification.name" value="Java Virtual Machine Specification"/>
    <property name="user.dir" value="/Users/ankranja/Downloads/elsevier"/>
    <property name="java.vm.compressedOopsMode" value="Zero based"/>
    <property name="java.runtime.version" value="13.0.2+8"/>
    <property name="os.arch" value="x86_64"/>
    <property name="java.io.tmpdir" value="/var/folders/35/q1l7xqr52vvchlsltv7y6_rhcpw6cz/T/"/>
    <property name="line.separator" value="&#10;"/>
    <property name="java.vm.specification.vendor" value="Oracle Corporation"/>
    <property name="os.name" value="Mac OS X"/>
    <property name="classworlds.conf" value="/Users/ankranja/frameworks/.metadata/.plugins/org.eclipse.m2e.launching/launches/m2conf11939741330494170789.tmp"/>
    <property name="sun.jnu.encoding" value="UTF-8"/>
    <property name="java.library.path" value="/Users/ankranja/Library/Java/Extensions:/Library/Java/Extensions:/Network/Library/Java/Extensions:/System/Library/Java/Extensions:/usr/lib/java:."/>
    <property name="jdk.debug" value="release"/>
    <property name="java.class.version" value="57.0"/>
    <property name="java.specification.name" value="Java Platform API Specification"/>
    <property name="sun.management.compiler" value="HotSpot 64-Bit Tiered Compilers"/>
    <property name="os.version" value="10.15.7"/>
    <property name="user.home" value="/Users/ankranja"/>
    <property name="user.timezone" value="Asia/Kolkata"/>
    <property name="file.encoding" value="UTF-8"/>
    <property name="java.specification.version" value="13"/>
    <property name="user.name" value="ankranja"/>
    <property name="java.class.path" value="/Users/ankranja/.p2/pool/plugins/org.eclipse.m2e.maven.runtime_1.16.0.20200610-1735/jars/plexus-classworlds-2.6.0.jar"/>
    <property name="java.vm.specification.version" value="13"/>
    <property name="sun.arch.data.model" value="64"/>
    <property name="sun.java.command" value="org.codehaus.plexus.classworlds.launcher.Launcher -B test"/>
    <property name="java.home" value="/Library/Java/JavaVirtualMachines/jdk-13.0.2.jdk/Contents/Home"/>
    <property name="user.language" value="en"/>
    <property name="java.specification.vendor" value="Oracle Corporation"/>
    <property name="java.vm.info" value="mixed mode, sharing"/>
    <property name="java.version" value="13.0.2"/>
    <property name="java.vendor" value="Oracle Corporation"/>
    <property name="maven.home" value="/Users/ankranja/Downloads/elsevier/EMBEDDED"/>
    <property name="file.separator" value="/"/>
    <property name="java.version.date" value="2020-01-14"/>
    <property name="java.vendor.url.bug" value="https://bugreport.java.com/bugreport/"/>
    <property name="sun.io.unicode.encoding" value="UnicodeBig"/>
    <property name="sun.cpu.endian" value="little"/>
  </properties>
  <testcase name="Given user is on application home page" classname="Scenario: Verify the user is able to add summer dresses to the cart and able to navigate to Sign In page" time="0.001"/>
  <testcase name="When user clicks on women tab" classname="Scenario: Verify the user is able to add summer dresses to the cart and able to navigate to Sign In page" time="0"/>
  <testcase name="When user clicks on dresses link" classname="Scenario: Verify the user is able to add summer dresses to the cart and able to navigate to Sign In page" time="0"/>
  <testcase name="When user clicks on summer dresses link" classname="Scenario: Verify the user is able to add summer dresses to the cart and able to navigate to Sign In page" time="0"/>
  <testcase name="When user clicks on printed summer dresses link" classname="Scenario: Verify the user is able to add summer dresses to the cart and able to navigate to Sign In page" time="0"/>
  <testcase name="When user clicks on add to cart button" classname="Scenario: Verify the user is able to add summer dresses to the cart and able to navigate to Sign In page" time="0"/>
  <testcase name="When user clicks on proceed to checkout button" classname="Scenario: Verify the user is able to add summer dresses to the cart and able to navigate to Sign In page" time="0"/>
  <testcase name="When user clicks on proceed to checkout button in cart navigation" classname="Scenario: Verify the user is able to add summer dresses to the cart and able to navigate to Sign In page" time="0"/>
  <testcase name="Then user is verifying that sign in page is displayed" classname="Scenario: Verify the user is able to add summer dresses to the cart and able to navigate to Sign In page" time="0"/>
  <testcase name="Scenario: Verify the user is able to add summer dresses to the cart and able to navigate to Sign In page" classname="Scenario: Verify the user is able to add summer dresses to the cart and able to navigate to Sign In page" time="0.135"/>
</testsuite>